  glptsp.c
  glpstr.c
  glpspx2.c
  glpspx1.c
  glprng.c
  glpqmd.c
  glpmpl4.c
  glpmpl3.c
  glpmpl2.c
  glpmpl1.c
  glpmip2.c
  glpmip1.c
  glpmat.c
  glpluf.c
  glplpx8e.c
  glplpx8d.c
  glplpx8c.c
  glplpx8b.c
  glplpx8a.c
  glplpx7.c
  正在生成代码...
  正在编译...
  glplpx6d.c
  glplpx6c.c
  glplpx6b.c
  glplpx6a.c
  glplpx5.c
  glplpx4.c
  glplpx3.c
  glplpx2.c
  glplpx1.c
  glplpp2.c
  glplpp1.c
  glplib3.c
  glplib2.c
  glplib1b.c
  glplib1a.c
  glpipm.c
  glpios3.c
  glpios2.c
  glpios1.c
  glpinv.c
  正在生成代码...
  正在编译...
  glpiet.c
  glpdmp.c
  glpavl.c
  正在生成代码...
  GLPK.vcxproj -> D:\FangCloudSync\Dropbox\Github\WindPowSimuDll\WPS\Debug\GLPK.lib
