D:\FangCloudSync\Dropbox\Github\WindPowSimuDll\GLPK\Debug\BscMake.command.1.tlog
D:\FangCloudSync\Dropbox\Github\WindPowSimuDll\GLPK\Debug\bscmake.read.1.tlog
D:\FangCloudSync\Dropbox\Github\WindPowSimuDll\GLPK\Debug\bscmake.write.1.tlog
D:\FangCloudSync\Dropbox\Github\WindPowSimuDll\GLPK\Debug\cl.command.1.tlog
D:\FangCloudSync\Dropbox\Github\WindPowSimuDll\GLPK\Debug\CL.read.1.tlog
D:\FangCloudSync\Dropbox\Github\WindPowSimuDll\GLPK\Debug\CL.write.1.tlog
D:\FANGCLOUDSYNC\DROPBOX\GITHUB\WINDPOWSIMUDLL\GLPK\DEBUG\GLPAVL.OBJ
D:\FANGCLOUDSYNC\DROPBOX\GITHUB\WINDPOWSIMUDLL\GLPK\DEBUG\GLPAVL.SBR
D:\FANGCLOUDSYNC\DROPBOX\GITHUB\WINDPOWSIMUDLL\GLPK\DEBUG\GLPDMP.OBJ
D:\FANGCLOUDSYNC\DROPBOX\GITHUB\WINDPOWSIMUDLL\GLPK\DEBUG\GLPDMP.SBR
D:\FANGCLOUDSYNC\DROPBOX\GITHUB\WINDPOWSIMUDLL\GLPK\DEBUG\GLPIET.OBJ
D:\FANGCLOUDSYNC\DROPBOX\GITHUB\WINDPOWSIMUDLL\GLPK\DEBUG\GLPIET.SBR
D:\FANGCLOUDSYNC\DROPBOX\GITHUB\WINDPOWSIMUDLL\GLPK\DEBUG\GLPINV.OBJ
D:\FANGCLOUDSYNC\DROPBOX\GITHUB\WINDPOWSIMUDLL\GLPK\DEBUG\GLPINV.SBR
D:\FANGCLOUDSYNC\DROPBOX\GITHUB\WINDPOWSIMUDLL\GLPK\DEBUG\GLPIOS1.OBJ
D:\FANGCLOUDSYNC\DROPBOX\GITHUB\WINDPOWSIMUDLL\GLPK\DEBUG\GLPIOS1.SBR
D:\FANGCLOUDSYNC\DROPBOX\GITHUB\WINDPOWSIMUDLL\GLPK\DEBUG\GLPIOS2.OBJ
D:\FANGCLOUDSYNC\DROPBOX\GITHUB\WINDPOWSIMUDLL\GLPK\DEBUG\GLPIOS2.SBR
D:\FANGCLOUDSYNC\DROPBOX\GITHUB\WINDPOWSIMUDLL\GLPK\DEBUG\GLPIOS3.OBJ
D:\FANGCLOUDSYNC\DROPBOX\GITHUB\WINDPOWSIMUDLL\GLPK\DEBUG\GLPIOS3.SBR
D:\FANGCLOUDSYNC\DROPBOX\GITHUB\WINDPOWSIMUDLL\GLPK\DEBUG\GLPIPM.OBJ
D:\FANGCLOUDSYNC\DROPBOX\GITHUB\WINDPOWSIMUDLL\GLPK\DEBUG\GLPIPM.SBR
D:\FANGCLOUDSYNC\DROPBOX\GITHUB\WINDPOWSIMUDLL\GLPK\DEBUG\GLPLIB1A.OBJ
D:\FANGCLOUDSYNC\DROPBOX\GITHUB\WINDPOWSIMUDLL\GLPK\DEBUG\GLPLIB1A.SBR
D:\FANGCLOUDSYNC\DROPBOX\GITHUB\WINDPOWSIMUDLL\GLPK\DEBUG\GLPLIB1B.OBJ
D:\FANGCLOUDSYNC\DROPBOX\GITHUB\WINDPOWSIMUDLL\GLPK\DEBUG\GLPLIB1B.SBR
D:\FANGCLOUDSYNC\DROPBOX\GITHUB\WINDPOWSIMUDLL\GLPK\DEBUG\GLPLIB2.OBJ
D:\FANGCLOUDSYNC\DROPBOX\GITHUB\WINDPOWSIMUDLL\GLPK\DEBUG\GLPLIB2.SBR
D:\FANGCLOUDSYNC\DROPBOX\GITHUB\WINDPOWSIMUDLL\GLPK\DEBUG\GLPLIB3.OBJ
D:\FANGCLOUDSYNC\DROPBOX\GITHUB\WINDPOWSIMUDLL\GLPK\DEBUG\GLPLIB3.SBR
D:\FANGCLOUDSYNC\DROPBOX\GITHUB\WINDPOWSIMUDLL\GLPK\DEBUG\GLPLPP1.OBJ
D:\FANGCLOUDSYNC\DROPBOX\GITHUB\WINDPOWSIMUDLL\GLPK\DEBUG\GLPLPP1.SBR
D:\FANGCLOUDSYNC\DROPBOX\GITHUB\WINDPOWSIMUDLL\GLPK\DEBUG\GLPLPP2.OBJ
D:\FANGCLOUDSYNC\DROPBOX\GITHUB\WINDPOWSIMUDLL\GLPK\DEBUG\GLPLPP2.SBR
D:\FANGCLOUDSYNC\DROPBOX\GITHUB\WINDPOWSIMUDLL\GLPK\DEBUG\GLPLPX1.OBJ
D:\FANGCLOUDSYNC\DROPBOX\GITHUB\WINDPOWSIMUDLL\GLPK\DEBUG\GLPLPX1.SBR
D:\FANGCLOUDSYNC\DROPBOX\GITHUB\WINDPOWSIMUDLL\GLPK\DEBUG\GLPLPX2.OBJ
D:\FANGCLOUDSYNC\DROPBOX\GITHUB\WINDPOWSIMUDLL\GLPK\DEBUG\GLPLPX2.SBR
D:\FANGCLOUDSYNC\DROPBOX\GITHUB\WINDPOWSIMUDLL\GLPK\DEBUG\GLPLPX3.OBJ
D:\FANGCLOUDSYNC\DROPBOX\GITHUB\WINDPOWSIMUDLL\GLPK\DEBUG\GLPLPX3.SBR
D:\FANGCLOUDSYNC\DROPBOX\GITHUB\WINDPOWSIMUDLL\GLPK\DEBUG\GLPLPX4.OBJ
D:\FANGCLOUDSYNC\DROPBOX\GITHUB\WINDPOWSIMUDLL\GLPK\DEBUG\GLPLPX4.SBR
D:\FANGCLOUDSYNC\DROPBOX\GITHUB\WINDPOWSIMUDLL\GLPK\DEBUG\GLPLPX5.OBJ
D:\FANGCLOUDSYNC\DROPBOX\GITHUB\WINDPOWSIMUDLL\GLPK\DEBUG\GLPLPX5.SBR
D:\FANGCLOUDSYNC\DROPBOX\GITHUB\WINDPOWSIMUDLL\GLPK\DEBUG\GLPLPX6A.OBJ
D:\FANGCLOUDSYNC\DROPBOX\GITHUB\WINDPOWSIMUDLL\GLPK\DEBUG\GLPLPX6A.SBR
D:\FANGCLOUDSYNC\DROPBOX\GITHUB\WINDPOWSIMUDLL\GLPK\DEBUG\GLPLPX6B.OBJ
D:\FANGCLOUDSYNC\DROPBOX\GITHUB\WINDPOWSIMUDLL\GLPK\DEBUG\GLPLPX6B.SBR
D:\FANGCLOUDSYNC\DROPBOX\GITHUB\WINDPOWSIMUDLL\GLPK\DEBUG\GLPLPX6C.OBJ
D:\FANGCLOUDSYNC\DROPBOX\GITHUB\WINDPOWSIMUDLL\GLPK\DEBUG\GLPLPX6C.SBR
D:\FANGCLOUDSYNC\DROPBOX\GITHUB\WINDPOWSIMUDLL\GLPK\DEBUG\GLPLPX6D.OBJ
D:\FANGCLOUDSYNC\DROPBOX\GITHUB\WINDPOWSIMUDLL\GLPK\DEBUG\GLPLPX6D.SBR
D:\FANGCLOUDSYNC\DROPBOX\GITHUB\WINDPOWSIMUDLL\GLPK\DEBUG\GLPLPX7.OBJ
D:\FANGCLOUDSYNC\DROPBOX\GITHUB\WINDPOWSIMUDLL\GLPK\DEBUG\GLPLPX7.SBR
D:\FANGCLOUDSYNC\DROPBOX\GITHUB\WINDPOWSIMUDLL\GLPK\DEBUG\GLPLPX8A.OBJ
D:\FANGCLOUDSYNC\DROPBOX\GITHUB\WINDPOWSIMUDLL\GLPK\DEBUG\GLPLPX8A.SBR
D:\FANGCLOUDSYNC\DROPBOX\GITHUB\WINDPOWSIMUDLL\GLPK\DEBUG\GLPLPX8B.OBJ
D:\FANGCLOUDSYNC\DROPBOX\GITHUB\WINDPOWSIMUDLL\GLPK\DEBUG\GLPLPX8B.SBR
D:\FANGCLOUDSYNC\DROPBOX\GITHUB\WINDPOWSIMUDLL\GLPK\DEBUG\GLPLPX8C.OBJ
D:\FANGCLOUDSYNC\DROPBOX\GITHUB\WINDPOWSIMUDLL\GLPK\DEBUG\GLPLPX8C.SBR
D:\FANGCLOUDSYNC\DROPBOX\GITHUB\WINDPOWSIMUDLL\GLPK\DEBUG\GLPLPX8D.OBJ
D:\FANGCLOUDSYNC\DROPBOX\GITHUB\WINDPOWSIMUDLL\GLPK\DEBUG\GLPLPX8D.SBR
D:\FANGCLOUDSYNC\DROPBOX\GITHUB\WINDPOWSIMUDLL\GLPK\DEBUG\GLPLPX8E.OBJ
D:\FANGCLOUDSYNC\DROPBOX\GITHUB\WINDPOWSIMUDLL\GLPK\DEBUG\GLPLPX8E.SBR
D:\FANGCLOUDSYNC\DROPBOX\GITHUB\WINDPOWSIMUDLL\GLPK\DEBUG\GLPLUF.OBJ
D:\FANGCLOUDSYNC\DROPBOX\GITHUB\WINDPOWSIMUDLL\GLPK\DEBUG\GLPLUF.SBR
D:\FANGCLOUDSYNC\DROPBOX\GITHUB\WINDPOWSIMUDLL\GLPK\DEBUG\GLPMAT.OBJ
D:\FANGCLOUDSYNC\DROPBOX\GITHUB\WINDPOWSIMUDLL\GLPK\DEBUG\GLPMAT.SBR
D:\FANGCLOUDSYNC\DROPBOX\GITHUB\WINDPOWSIMUDLL\GLPK\DEBUG\GLPMIP1.OBJ
D:\FANGCLOUDSYNC\DROPBOX\GITHUB\WINDPOWSIMUDLL\GLPK\DEBUG\GLPMIP1.SBR
D:\FANGCLOUDSYNC\DROPBOX\GITHUB\WINDPOWSIMUDLL\GLPK\DEBUG\GLPMIP2.OBJ
D:\FANGCLOUDSYNC\DROPBOX\GITHUB\WINDPOWSIMUDLL\GLPK\DEBUG\GLPMIP2.SBR
D:\FANGCLOUDSYNC\DROPBOX\GITHUB\WINDPOWSIMUDLL\GLPK\DEBUG\GLPMPL1.OBJ
D:\FANGCLOUDSYNC\DROPBOX\GITHUB\WINDPOWSIMUDLL\GLPK\DEBUG\GLPMPL1.SBR
D:\FANGCLOUDSYNC\DROPBOX\GITHUB\WINDPOWSIMUDLL\GLPK\DEBUG\GLPMPL2.OBJ
D:\FANGCLOUDSYNC\DROPBOX\GITHUB\WINDPOWSIMUDLL\GLPK\DEBUG\GLPMPL2.SBR
D:\FANGCLOUDSYNC\DROPBOX\GITHUB\WINDPOWSIMUDLL\GLPK\DEBUG\GLPMPL3.OBJ
D:\FANGCLOUDSYNC\DROPBOX\GITHUB\WINDPOWSIMUDLL\GLPK\DEBUG\GLPMPL3.SBR
D:\FANGCLOUDSYNC\DROPBOX\GITHUB\WINDPOWSIMUDLL\GLPK\DEBUG\GLPMPL4.OBJ
D:\FANGCLOUDSYNC\DROPBOX\GITHUB\WINDPOWSIMUDLL\GLPK\DEBUG\GLPMPL4.SBR
D:\FANGCLOUDSYNC\DROPBOX\GITHUB\WINDPOWSIMUDLL\GLPK\DEBUG\GLPQMD.OBJ
D:\FANGCLOUDSYNC\DROPBOX\GITHUB\WINDPOWSIMUDLL\GLPK\DEBUG\GLPQMD.SBR
D:\FANGCLOUDSYNC\DROPBOX\GITHUB\WINDPOWSIMUDLL\GLPK\DEBUG\GLPRNG.OBJ
D:\FANGCLOUDSYNC\DROPBOX\GITHUB\WINDPOWSIMUDLL\GLPK\DEBUG\GLPRNG.SBR
D:\FANGCLOUDSYNC\DROPBOX\GITHUB\WINDPOWSIMUDLL\GLPK\DEBUG\GLPSPX1.OBJ
D:\FANGCLOUDSYNC\DROPBOX\GITHUB\WINDPOWSIMUDLL\GLPK\DEBUG\GLPSPX1.SBR
D:\FANGCLOUDSYNC\DROPBOX\GITHUB\WINDPOWSIMUDLL\GLPK\DEBUG\GLPSPX2.OBJ
D:\FANGCLOUDSYNC\DROPBOX\GITHUB\WINDPOWSIMUDLL\GLPK\DEBUG\GLPSPX2.SBR
D:\FANGCLOUDSYNC\DROPBOX\GITHUB\WINDPOWSIMUDLL\GLPK\DEBUG\GLPSTR.OBJ
D:\FANGCLOUDSYNC\DROPBOX\GITHUB\WINDPOWSIMUDLL\GLPK\DEBUG\GLPSTR.SBR
D:\FANGCLOUDSYNC\DROPBOX\GITHUB\WINDPOWSIMUDLL\GLPK\DEBUG\GLPTSP.OBJ
D:\FANGCLOUDSYNC\DROPBOX\GITHUB\WINDPOWSIMUDLL\GLPK\DEBUG\GLPTSP.SBR
D:\FangCloudSync\Dropbox\Github\WindPowSimuDll\GLPK\Debug\lib.command.1.tlog
D:\FangCloudSync\Dropbox\Github\WindPowSimuDll\GLPK\Debug\Lib-link.read.1.tlog
D:\FangCloudSync\Dropbox\Github\WindPowSimuDll\GLPK\Debug\Lib-link.write.1.tlog
D:\FangCloudSync\Dropbox\Github\WindPowSimuDll\GLPK\Debug\vc100.idb
D:\FANGCLOUDSYNC\DROPBOX\GITHUB\WINDPOWSIMUDLL\GLPK\DEBUG\VC100.PDB
D:\FANGCLOUDSYNC\DROPBOX\GITHUB\WINDPOWSIMUDLL\WPS\DEBUG\GLPK.BSC
D:\FANGCLOUDSYNC\DROPBOX\GITHUB\WINDPOWSIMUDLL\WPS\DEBUG\GLPK.LIB
