d:\fangcloudsync\dropbox\github\windpowsimudll\wps\wps\debug\wps.pch
d:\fangcloudsync\dropbox\github\windpowsimudll\wps\wps\debug\vc141.pdb
d:\fangcloudsync\dropbox\github\windpowsimudll\wps\wps\debug\vc141.idb
d:\fangcloudsync\dropbox\github\windpowsimudll\wps\wps\debug\stdafx.obj
d:\fangcloudsync\dropbox\github\windpowsimudll\wps\wps\debug\wps.obj
d:\fangcloudsync\dropbox\github\windpowsimudll\wps\wps\debug\wps_sub.obj
d:\fangcloudsync\dropbox\github\windpowsimudll\wps\wps\debug\wind.obj
d:\fangcloudsync\dropbox\github\windpowsimudll\wps\wps\debug\idate.obj
d:\fangcloudsync\dropbox\github\windpowsimudll\wps\wps\debug\dllmain.obj
d:\fangcloudsync\dropbox\github\windpowsimudll\wps\debug\wps.dll
d:\fangcloudsync\dropbox\github\windpowsimudll\wps\debug\wps.ilk
d:\fangcloudsync\dropbox\github\windpowsimudll\wps\debug\wps.pdb
d:\fangcloudsync\dropbox\github\windpowsimudll\wps\debug\wps.lib
d:\fangcloudsync\dropbox\github\windpowsimudll\wps\debug\wps.exp
d:\fangcloudsync\dropbox\github\windpowsimudll\wps\wps\debug\wps.tlog\cl.command.1.tlog
d:\fangcloudsync\dropbox\github\windpowsimudll\wps\wps\debug\wps.tlog\cl.read.1.tlog
d:\fangcloudsync\dropbox\github\windpowsimudll\wps\wps\debug\wps.tlog\cl.write.1.tlog
d:\fangcloudsync\dropbox\github\windpowsimudll\wps\wps\debug\wps.tlog\link.command.1.tlog
d:\fangcloudsync\dropbox\github\windpowsimudll\wps\wps\debug\wps.tlog\link.read.1.tlog
d:\fangcloudsync\dropbox\github\windpowsimudll\wps\wps\debug\wps.tlog\link.write.1.tlog
d:\fangcloudsync\dropbox\github\windpowsimudll\wps\wps\debug\wps.tlog\wps.write.1u.tlog
