  stdafx.c
  dllmain.c
d:\fangcloudsync\dropbox\github\windpowsimudll\opsp\wps\gconstant.h(34): warning C4005: “INFINITY”: 宏重定义
  c:\program files (x86)\windows kits\10\include\10.0.17134.0\ucrt\corecrt_math.h(90): note: 参见“INFINITY”的前一个定义
d:\fangcloudsync\dropbox\github\windpowsimudll\opsp\wps\dllmain.c(730): warning C4273: “wpsmain”: dll 链接不一致
  d:\fangcloudsync\dropbox\github\windpowsimudll\opsp\wps\wps.h(8): note: 参见“wpsmain”的前一个定义
d:\fangcloudsync\dropbox\github\windpowsimudll\opsp\wps\dllmain.c(774): warning C4033: “wpsmain”必须返回值
  iDate.c
  Wind.c
d:\fangcloudsync\dropbox\github\windpowsimudll\opsp\wps\gconstant.h(34): warning C4005: “INFINITY”: 宏重定义
  c:\program files (x86)\windows kits\10\include\10.0.17134.0\ucrt\corecrt_math.h(90): note: 参见“INFINITY”的前一个定义
  WPS_Sub.c
d:\fangcloudsync\dropbox\github\windpowsimudll\opsp\wps\gconstant.h(34): warning C4005: “INFINITY”: 宏重定义
  c:\program files (x86)\windows kits\10\include\10.0.17134.0\ucrt\corecrt_math.h(90): note: 参见“INFINITY”的前一个定义
  WPS.c
  正在生成代码...
d:\fangcloudsync\dropbox\github\windpowsimudll\opsp\wps\dllmain.c(806): warning C4715: “wpsmain”: 不是所有的控件路径都返回值
    正在创建库 D:\FangCloudSync\Dropbox\Github\WindPowSimuDll\OPSP\Debug\WPS.lib 和对象 D:\FangCloudSync\Dropbox\Github\WindPowSimuDll\OPSP\Debug\WPS.exp
LINK : warning LNK4098: 默认库“LIBCMTD”与其他库的使用冲突；请使用 /NODEFAULTLIB:library
  WPS.vcxproj -> D:\FangCloudSync\Dropbox\Github\WindPowSimuDll\OPSP\Debug\WPS.dll
